<?xml version="1.0" encoding="UTF-8"?>
<!-- Generated by org.testng.reporters.JUnitReportReporter -->
<testsuite skipped="0" hostname="DESKTOP-RRSNTJB" name="TestBase$Test_02" tests="4" failures="0" timestamp="13 июл 2017 13:02:42 GMT" time="0.110" errors="0">
  <testcase name="testChange2" time="0.002" classname="TestBase$Test_02"/>
  <testcase name="testChange2" time="0.002" classname="TestBase$Test_02"/>
  <testcase name="testChange2" time="0.104" classname="TestBase$Test_02"/>
  <testcase name="testChange2" time="0.002" classname="TestBase$Test_02"/>
</testsuite> <!-- TestBase$Test_02 -->
