<?xml version="1.0" encoding="UTF-8"?>
<!-- Generated by org.testng.reporters.JUnitReportReporter -->
<testsuite skipped="0" hostname="DESKTOP-RRSNTJB" name="TestBase01" tests="1" failures="0" timestamp="17 июл 2017 14:25:01 GMT" time="0.058" errors="0">
  <testcase name="testGet2" time="0.058" classname="TestBase01"/>
</testsuite> <!-- TestBase01 -->
