<?xml version="1.0" encoding="UTF-8"?>
<!-- Generated by org.testng.reporters.JUnitReportReporter -->
<testsuite skipped="0" hostname="DESKTOP-RRSNTJB" name="TestBase$Test_01" tests="1" failures="0" timestamp="13 июл 2017 13:03:36 GMT" time="0.025" errors="0">
  <testcase name="testGet" time="0.025" classname="TestBase$Test_01"/>
</testsuite> <!-- TestBase$Test_01 -->
